2024-11-13 08:36:19.965 [pool-3-thread-1] INFO  com.rs.mv.mvvs.client.catalog.from.scan.CurrentPathScanner - [client:400205]scan file in current open file directory(D:/ANÁLISIS Y DESARROLLO DE SOFTWARE/PROYECTOS/NodeJs/NODE JS desde cero/Projet-Node/src)
2024-11-13 08:36:22.976 [pool-3-thread-1] INFO  com.rs.mv.mvvs.client.catalog.from.scan.CurrentPathScanner - [client:400205]scan file in current open file directory(D:/ANÁLISIS Y DESARROLLO DE SOFTWARE/PROYECTOS/NodeJs/NODE JS desde cero/Projet-Node/src)
2024-11-13 08:36:24.060 [pool-3-thread-1] INFO  com.rs.mv.mvvs.client.catalog.from.scan.CurrentPathScanner - [client:400205]scan file in current open file directory(D:/ANÁLISIS Y DESARROLLO DE SOFTWARE/PROYECTOS/NodeJs/NODE JS desde cero/Projet-Node/src)
2024-11-13 08:36:28.122 [pool-3-thread-1] INFO  com.rs.mv.mvvs.client.catalog.from.scan.CurrentPathScanner - [client:400205]scan file in current open file directory(D:/ANÁLISIS Y DESARROLLO DE SOFTWARE/PROYECTOS/NodeJs/NODE JS desde cero/Projet-Node)
2024-11-13 08:38:17.202 [pool-3-thread-1] INFO  com.rs.mv.mvvs.client.catalog.from.scan.CurrentPathScanner - [client:400205]scan file in current open file directory(D:/ANÁLISIS Y DESARROLLO DE SOFTWARE/PROYECTOS/NodeJs/NODE JS desde cero/Projet-Node/src)
2024-11-13 08:40:59.532 [pool-3-thread-1] INFO  com.rs.mv.mvvs.client.catalog.from.scan.CurrentPathScanner - [client:400205]scan file in current open file directory(D:/ANÁLISIS Y DESARROLLO DE SOFTWARE/PROYECTOS/NodeJs/NODE JS desde cero/Projet-Node/src)
2024-11-13 08:41:42.825 [pool-3-thread-1] INFO  com.rs.mv.mvvs.client.catalog.from.scan.CurrentPathScanner - [client:400205]scan file in current open file directory(D:/ANÁLISIS Y DESARROLLO DE SOFTWARE/PROYECTOS/NodeJs/NODE JS desde cero/Projet-Node/src)
2024-11-13 08:42:01.047 [pool-3-thread-1] INFO  com.rs.mv.mvvs.client.catalog.from.scan.CurrentPathScanner - [client:400205]scan file in current open file directory(D:/ANÁLISIS Y DESARROLLO DE SOFTWARE/PROYECTOS/NodeJs/NODE JS desde cero/Projet-Node/src)
2024-11-13 08:42:11.029 [pool-3-thread-1] INFO  com.rs.mv.mvvs.client.catalog.from.scan.CurrentPathScanner - [client:400205]scan file in current open file directory(D:/ANÁLISIS Y DESARROLLO DE SOFTWARE/PROYECTOS/NodeJs/NODE JS desde cero/Projet-Node/src)
2024-11-13 08:42:50.228 [pool-3-thread-1] INFO  com.rs.mv.mvvs.client.catalog.from.scan.CurrentPathScanner - [client:400205]scan file in current open file directory(D:/ANÁLISIS Y DESARROLLO DE SOFTWARE/PROYECTOS/NodeJs/NODE JS desde cero/Projet-Node/src)
2024-11-13 08:43:00.548 [pool-3-thread-1] INFO  com.rs.mv.mvvs.client.catalog.from.scan.CurrentPathScanner - [client:400205]scan file in current open file directory(D:/ANÁLISIS Y DESARROLLO DE SOFTWARE/PROYECTOS/NodeJs/NODE JS desde cero/Projet-Node/src)
2024-11-13 08:43:05.268 [pool-3-thread-1] INFO  com.rs.mv.mvvs.client.catalog.from.scan.CurrentPathScanner - [client:400205]scan file in current open file directory(D:/ANÁLISIS Y DESARROLLO DE SOFTWARE/PROYECTOS/NodeJs/NODE JS desde cero/Projet-Node/src)
2024-11-13 08:43:21.666 [pool-3-thread-1] INFO  com.rs.mv.mvvs.client.catalog.from.scan.CurrentPathScanner - [client:400205]scan file in current open file directory(D:/ANÁLISIS Y DESARROLLO DE SOFTWARE/PROYECTOS/NodeJs/NODE JS desde cero/Projet-Node/src)
2024-11-13 08:43:24.836 [pool-3-thread-1] INFO  com.rs.mv.mvvs.client.catalog.from.scan.CurrentPathScanner - [client:400205]scan file in current open file directory(D:/ANÁLISIS Y DESARROLLO DE SOFTWARE/PROYECTOS/NodeJs/NODE JS desde cero/Projet-Node/src)
2024-11-13 08:43:28.967 [pool-3-thread-1] INFO  com.rs.mv.mvvs.client.catalog.from.scan.CurrentPathScanner - [client:400205]scan file in current open file directory(D:/ANÁLISIS Y DESARROLLO DE SOFTWARE/PROYECTOS/NodeJs/NODE JS desde cero/Projet-Node/src)
2024-11-13 08:43:52.246 [pool-3-thread-1] INFO  com.rs.mv.mvvs.client.catalog.from.scan.CurrentPathScanner - [client:400205]scan file in current open file directory(D:/ANÁLISIS Y DESARROLLO DE SOFTWARE/PROYECTOS/NodeJs/NODE JS desde cero/Projet-Node/src)
2024-11-13 08:44:55.664 [pool-3-thread-1] INFO  com.rs.mv.mvvs.client.catalog.from.scan.CurrentPathScanner - [client:400205]scan file in current open file directory(D:/ANÁLISIS Y DESARROLLO DE SOFTWARE/PROYECTOS/NodeJs/NODE JS desde cero/Projet-Node/src)
2024-11-13 08:44:59.569 [pool-3-thread-1] INFO  com.rs.mv.mvvs.client.catalog.from.scan.CurrentPathScanner - [client:400205]scan file in current open file directory(D:/ANÁLISIS Y DESARROLLO DE SOFTWARE/PROYECTOS/NodeJs/NODE JS desde cero/Projet-Node/src)
2024-11-13 08:45:01.406 [pool-3-thread-1] INFO  com.rs.mv.mvvs.client.catalog.from.scan.CurrentPathScanner - [client:400205]scan file in current open file directory(D:/ANÁLISIS Y DESARROLLO DE SOFTWARE/PROYECTOS/NodeJs/NODE JS desde cero/Projet-Node)
2024-11-13 08:45:02.451 [pool-3-thread-1] INFO  com.rs.mv.mvvs.client.catalog.from.scan.CurrentPathScanner - [client:400205]scan file in current open file directory(D:/ANÁLISIS Y DESARROLLO DE SOFTWARE/PROYECTOS/NodeJs/NODE JS desde cero/Projet-Node/src)
2024-11-13 08:45:10.020 [pool-3-thread-1] INFO  com.rs.mv.mvvs.client.catalog.from.scan.CurrentPathScanner - [client:400205]scan file in current open file directory(D:/ANÁLISIS Y DESARROLLO DE SOFTWARE/PROYECTOS/NodeJs/NODE JS desde cero/Projet-Node/src)
2024-11-13 08:45:11.587 [pool-3-thread-1] INFO  com.rs.mv.mvvs.client.catalog.from.scan.CurrentPathScanner - [client:400205]scan file in current open file directory(D:/ANÁLISIS Y DESARROLLO DE SOFTWARE/PROYECTOS/NodeJs/NODE JS desde cero/Projet-Node/src)
2024-11-13 08:45:12.650 [pool-3-thread-1] INFO  com.rs.mv.mvvs.client.catalog.from.scan.CurrentPathScanner - [client:400205]scan file in current open file directory(D:/ANÁLISIS Y DESARROLLO DE SOFTWARE/PROYECTOS/NodeJs/NODE JS desde cero/Projet-Node/src)
2024-11-13 08:45:19.931 [pool-3-thread-1] INFO  com.rs.mv.mvvs.client.catalog.from.scan.CurrentPathScanner - [client:400205]scan file in current open file directory(D:/ANÁLISIS Y DESARROLLO DE SOFTWARE/PROYECTOS/NodeJs/NODE JS desde cero/Projet-Node/src)
2024-11-13 08:46:40.828 [pool-3-thread-1] INFO  com.rs.mv.mvvs.client.catalog.from.scan.CurrentPathScanner - [client:400205]scan file in current open file directory(D:/ANÁLISIS Y DESARROLLO DE SOFTWARE/PROYECTOS/NodeJs/NODE JS desde cero/Projet-Node/src)
2024-11-13 08:46:47.798 [pool-3-thread-1] INFO  com.rs.mv.mvvs.client.catalog.from.scan.CurrentPathScanner - [client:400205]scan file in current open file directory(D:/ANÁLISIS Y DESARROLLO DE SOFTWARE/PROYECTOS/NodeJs/NODE JS desde cero/Projet-Node/src)
2024-11-13 08:47:18.714 [pool-3-thread-1] INFO  com.rs.mv.mvvs.client.catalog.from.scan.CurrentPathScanner - [client:400205]scan file in current open file directory(D:/ANÁLISIS Y DESARROLLO DE SOFTWARE/PROYECTOS/NodeJs/NODE JS desde cero/Projet-Node/src)
2024-11-13 08:47:21.322 [pool-3-thread-1] INFO  com.rs.mv.mvvs.client.catalog.from.scan.CurrentPathScanner - [client:400205]scan file in current open file directory(D:/ANÁLISIS Y DESARROLLO DE SOFTWARE/PROYECTOS/NodeJs/NODE JS desde cero/Projet-Node/src)
2024-11-13 08:49:49.037 [pool-3-thread-1] INFO  com.rs.mv.mvvs.client.catalog.from.scan.CurrentPathScanner - [client:400205]scan file in current open file directory(D:/ANÁLISIS Y DESARROLLO DE SOFTWARE/PROYECTOS/NodeJs/NODE JS desde cero/Projet-Node/src)
2024-11-13 08:50:30.308 [pool-3-thread-1] INFO  com.rs.mv.mvvs.client.catalog.from.scan.CurrentPathScanner - [client:400205]scan file in current open file directory(D:/ANÁLISIS Y DESARROLLO DE SOFTWARE/PROYECTOS/NodeJs/NODE JS desde cero/Projet-Node/src)
2024-11-13 08:51:16.221 [pool-3-thread-1] INFO  com.rs.mv.mvvs.client.catalog.from.scan.CurrentPathScanner - [client:400205]scan file in current open file directory(D:/ANÁLISIS Y DESARROLLO DE SOFTWARE/PROYECTOS/NodeJs/NODE JS desde cero/Projet-Node/src)
2024-11-13 08:51:39.491 [pool-3-thread-1] INFO  com.rs.mv.mvvs.client.catalog.from.scan.CurrentPathScanner - [client:400205]scan file in current open file directory(D:/ANÁLISIS Y DESARROLLO DE SOFTWARE/PROYECTOS/NodeJs/NODE JS desde cero/Projet-Node/src)
2024-11-13 08:52:21.681 [pool-3-thread-1] INFO  com.rs.mv.mvvs.client.catalog.from.scan.CurrentPathScanner - [client:400205]scan file in current open file directory(D:/ANÁLISIS Y DESARROLLO DE SOFTWARE/PROYECTOS/NodeJs/NODE JS desde cero/Projet-Node/src)
2024-11-13 08:52:23.119 [pool-3-thread-1] INFO  com.rs.mv.mvvs.client.catalog.from.scan.CurrentPathScanner - [client:400205]scan file in current open file directory(D:/ANÁLISIS Y DESARROLLO DE SOFTWARE/PROYECTOS/NodeJs/NODE JS desde cero/Projet-Node/src)
2024-11-13 08:52:25.229 [pool-3-thread-1] INFO  com.rs.mv.mvvs.client.catalog.from.scan.CurrentPathScanner - [client:400205]scan file in current open file directory(D:/ANÁLISIS Y DESARROLLO DE SOFTWARE/PROYECTOS/NodeJs/NODE JS desde cero/Projet-Node/src)
2024-11-13 08:52:42.739 [pool-3-thread-1] INFO  com.rs.mv.mvvs.client.catalog.from.scan.CurrentPathScanner - [client:400205]scan file in current open file directory(D:/ANÁLISIS Y DESARROLLO DE SOFTWARE/PROYECTOS/NodeJs/NODE JS desde cero/Projet-Node/src)
2024-11-13 08:52:48.498 [pool-3-thread-1] INFO  com.rs.mv.mvvs.client.catalog.from.scan.CurrentPathScanner - [client:400205]scan file in current open file directory(D:/ANÁLISIS Y DESARROLLO DE SOFTWARE/PROYECTOS/NodeJs/NODE JS desde cero/Projet-Node/src)
2024-11-13 08:56:23.536 [pool-3-thread-1] INFO  com.rs.mv.mvvs.client.catalog.from.scan.CurrentPathScanner - [client:400205]scan file in current open file directory(D:/ANÁLISIS Y DESARROLLO DE SOFTWARE/PROYECTOS/NodeJs/NODE JS desde cero/Projet-Node)
2024-11-13 08:56:41.987 [pool-3-thread-1] INFO  com.rs.mv.mvvs.client.catalog.from.scan.CurrentPathScanner - [client:400205]scan file in current open file directory(D:/ANÁLISIS Y DESARROLLO DE SOFTWARE/PROYECTOS/NodeJs/NODE JS desde cero/Projet-Node/src)
2024-11-13 08:56:57.161 [pool-3-thread-1] INFO  com.rs.mv.mvvs.client.catalog.from.scan.CurrentPathScanner - [client:400205]scan file in current open file directory(D:/ANÁLISIS Y DESARROLLO DE SOFTWARE/PROYECTOS/NodeJs/NODE JS desde cero/Projet-Node/src)
2024-11-13 08:57:06.669 [pool-3-thread-1] INFO  com.rs.mv.mvvs.client.catalog.from.scan.CurrentPathScanner - [client:400205]scan file in current open file directory(D:/ANÁLISIS Y DESARROLLO DE SOFTWARE/PROYECTOS/NodeJs/NODE JS desde cero/Projet-Node/src)
2024-11-13 08:57:34.535 [pool-3-thread-1] INFO  com.rs.mv.mvvs.client.catalog.from.scan.CurrentPathScanner - [client:400205]scan file in current open file directory(D:/ANÁLISIS Y DESARROLLO DE SOFTWARE/PROYECTOS/NodeJs/NODE JS desde cero/Projet-Node/src)
2024-11-13 08:57:39.224 [pool-3-thread-1] INFO  com.rs.mv.mvvs.client.catalog.from.scan.CurrentPathScanner - [client:400205]scan file in current open file directory(D:/ANÁLISIS Y DESARROLLO DE SOFTWARE/PROYECTOS/NodeJs/NODE JS desde cero/Projet-Node/src)
2024-11-13 08:58:53.644 [pool-3-thread-1] INFO  com.rs.mv.mvvs.client.catalog.from.scan.CurrentPathScanner - [client:400205]scan file in current open file directory(D:/ANÁLISIS Y DESARROLLO DE SOFTWARE/PROYECTOS/NodeJs/NODE JS desde cero/Projet-Node/src)
2024-11-13 08:58:56.806 [pool-3-thread-1] INFO  com.rs.mv.mvvs.client.catalog.from.scan.CurrentPathScanner - [client:400205]scan file in current open file directory(D:/ANÁLISIS Y DESARROLLO DE SOFTWARE/PROYECTOS/NodeJs/NODE JS desde cero/Projet-Node/src)
2024-11-13 08:59:06.191 [pool-3-thread-1] INFO  com.rs.mv.mvvs.client.catalog.from.scan.CurrentPathScanner - [client:400205]scan file in current open file directory(D:/ANÁLISIS Y DESARROLLO DE SOFTWARE/PROYECTOS/NodeJs/NODE JS desde cero/Projet-Node/src)
2024-11-13 08:59:08.136 [pool-3-thread-1] INFO  com.rs.mv.mvvs.client.catalog.from.scan.CurrentPathScanner - [client:400205]scan file in current open file directory(D:/ANÁLISIS Y DESARROLLO DE SOFTWARE/PROYECTOS/NodeJs/NODE JS desde cero/Projet-Node/src)
2024-11-13 08:59:11.388 [pool-3-thread-1] INFO  com.rs.mv.mvvs.client.catalog.from.scan.CurrentPathScanner - [client:400205]scan file in current open file directory(D:/ANÁLISIS Y DESARROLLO DE SOFTWARE/PROYECTOS/NodeJs/NODE JS desde cero/Projet-Node/src)
2024-11-13 08:59:43.081 [pool-3-thread-1] INFO  com.rs.mv.mvvs.client.catalog.from.scan.CurrentPathScanner - [client:400205]scan file in current open file directory(D:/ANÁLISIS Y DESARROLLO DE SOFTWARE/PROYECTOS/NodeJs/NODE JS desde cero/Projet-Node/src)
2024-11-13 08:59:50.741 [pool-3-thread-1] INFO  com.rs.mv.mvvs.client.catalog.from.scan.CurrentPathScanner - [client:400205]scan file in current open file directory(D:/ANÁLISIS Y DESARROLLO DE SOFTWARE/PROYECTOS/NodeJs/NODE JS desde cero/Projet-Node/src)
2024-11-13 08:59:54.273 [pool-3-thread-1] INFO  com.rs.mv.mvvs.client.catalog.from.scan.CurrentPathScanner - [client:400205]scan file in current open file directory(D:/ANÁLISIS Y DESARROLLO DE SOFTWARE/PROYECTOS/NodeJs/NODE JS desde cero/Projet-Node/src)
2024-11-13 08:59:56.175 [pool-3-thread-1] INFO  com.rs.mv.mvvs.client.catalog.from.scan.CurrentPathScanner - [client:400205]scan file in current open file directory(D:/ANÁLISIS Y DESARROLLO DE SOFTWARE/PROYECTOS/NodeJs/NODE JS desde cero/Projet-Node/src)
2024-11-13 09:08:37.414 [pool-3-thread-1] INFO  com.rs.mv.mvvs.client.catalog.from.scan.CurrentPathScanner - [client:400205]scan file in current open file directory(D:/ANÁLISIS Y DESARROLLO DE SOFTWARE/PROYECTOS/NodeJs/NODE JS desde cero/Projet-Node)
2024-11-13 09:09:23.365 [pool-3-thread-1] INFO  com.rs.mv.mvvs.client.catalog.from.scan.CurrentPathScanner - [client:400205]scan file in current open file directory(D:/ANÁLISIS Y DESARROLLO DE SOFTWARE/PROYECTOS/NodeJs/NODE JS desde cero/Projet-Node)
2024-11-13 09:09:47.844 [pool-3-thread-1] INFO  com.rs.mv.mvvs.client.catalog.from.scan.CurrentPathScanner - [client:400205]scan file in current open file directory(D:/ANÁLISIS Y DESARROLLO DE SOFTWARE/PROYECTOS)
2024-11-13 09:10:33.512 [pool-3-thread-1] INFO  com.rs.mv.mvvs.client.catalog.from.scan.CurrentPathScanner - [client:400205]scan file in current open file directory(D:/ANÁLISIS Y DESARROLLO DE SOFTWARE/PROYECTOS/Aeropuertos_estarter)
2024-11-13 09:10:47.986 [pool-3-thread-1] INFO  com.rs.mv.mvvs.client.catalog.from.scan.CurrentPathScanner - [client:400205]scan file in current open file directory(D:/ANÁLISIS Y DESARROLLO DE SOFTWARE/PROYECTOS)
2024-11-13 09:13:53.808 [pool-3-thread-1] INFO  com.rs.mv.mvvs.client.catalog.from.scan.CurrentPathScanner - [client:400205]scan file in current open file directory(D:/ANÁLISIS Y DESARROLLO DE SOFTWARE/PROYECTOS/NodeJs/NODE JS desde cero/Projet-Node)
2024-11-13 09:13:56.749 [pool-3-thread-1] INFO  com.rs.mv.mvvs.client.catalog.from.scan.CurrentPathScanner - [client:400205]scan file in current open file directory(D:/ANÁLISIS Y DESARROLLO DE SOFTWARE/PROYECTOS)
2024-11-13 09:14:25.972 [pool-3-thread-1] INFO  com.rs.mv.mvvs.client.catalog.from.scan.CurrentPathScanner - [client:400205]scan file in current open file directory(D:/ANÁLISIS Y DESARROLLO DE SOFTWARE/PROYECTOS/NodeJs/NODE JS desde cero/Projet-Node)
2024-11-13 09:14:39.381 [pool-3-thread-1] INFO  com.rs.mv.mvvs.client.catalog.from.scan.CurrentPathScanner - [client:400205]scan file in current open file directory(D:/ANÁLISIS Y DESARROLLO DE SOFTWARE/PROYECTOS/NodeJs/NOTAS NODEJS)
2024-11-13 09:14:42.305 [pool-3-thread-1] INFO  com.rs.mv.mvvs.client.catalog.from.scan.CurrentPathScanner - [client:400205]scan file in current open file directory(D:/ANÁLISIS Y DESARROLLO DE SOFTWARE/PROYECTOS/NodeJs/NODE JS desde cero/Projet-Node)
2024-11-13 09:14:44.159 [pool-3-thread-1] INFO  com.rs.mv.mvvs.client.catalog.from.scan.CurrentPathScanner - [client:400205]scan file in current open file directory(D:/ANÁLISIS Y DESARROLLO DE SOFTWARE/PROYECTOS)
2024-11-13 09:15:47.079 [pool-3-thread-1] INFO  com.rs.mv.mvvs.client.catalog.from.scan.CurrentPathScanner - [client:400205]scan file in current open file directory(D:/ANÁLISIS Y DESARROLLO DE SOFTWARE/PROYECTOS/.git)
2024-11-13 09:15:50.304 [pool-3-thread-1] INFO  com.rs.mv.mvvs.client.catalog.from.scan.CurrentPathScanner - [client:400205]scan file in current open file directory(D:/ANÁLISIS Y DESARROLLO DE SOFTWARE/PROYECTOS)
2024-11-13 09:16:25.077 [pool-3-thread-1] INFO  com.rs.mv.mvvs.client.catalog.from.scan.CurrentPathScanner - [client:400205]scan file in current open file directory(D:/ANÁLISIS Y DESARROLLO DE SOFTWARE/PROYECTOS/NodeJs/NODE JS desde cero/Projet-Node/src)
2024-11-13 09:17:31.753 [pool-3-thread-1] INFO  com.rs.mv.mvvs.client.catalog.from.scan.CurrentPathScanner - [client:400205]scan file in current open file directory(D:/ANÁLISIS Y DESARROLLO DE SOFTWARE/PROYECTOS)
2024-11-13 09:18:49.338 [pool-3-thread-1] INFO  com.rs.mv.mvvs.client.catalog.from.scan.CurrentPathScanner - [client:400205]scan file in current open file directory(D:/ANÁLISIS Y DESARROLLO DE SOFTWARE/PROYECTOS/NodeJs/NODE JS desde cero/Projet-Node)
2024-11-13 09:19:11.354 [pool-3-thread-1] INFO  com.rs.mv.mvvs.client.catalog.from.scan.CurrentPathScanner - [client:400205]scan file in current open file directory(D:/ANÁLISIS Y DESARROLLO DE SOFTWARE/PROYECTOS)
2024-11-13 09:19:18.519 [pool-3-thread-1] INFO  com.rs.mv.mvvs.client.catalog.from.scan.CurrentPathScanner - [client:400205]scan file in current open file directory(D:/ANÁLISIS Y DESARROLLO DE SOFTWARE/PROYECTOS/NodeJs/NODE JS desde cero/Projet-Node)
2024-11-13 09:19:19.687 [pool-3-thread-1] INFO  com.rs.mv.mvvs.client.catalog.from.scan.CurrentPathScanner - [client:400205]scan file in current open file directory(D:/ANÁLISIS Y DESARROLLO DE SOFTWARE/PROYECTOS)
2024-11-13 09:19:21.769 [pool-3-thread-1] INFO  com.rs.mv.mvvs.client.catalog.from.scan.CurrentPathScanner - [client:400205]scan file in current open file directory(D:/ANÁLISIS Y DESARROLLO DE SOFTWARE/PROYECTOS/NodeJs/NODE JS desde cero/Projet-Node/src)
2024-11-13 09:20:08.830 [pool-3-thread-1] INFO  com.rs.mv.mvvs.client.catalog.from.scan.CurrentPathScanner - [client:400205]scan file in current open file directory(D:/ANÁLISIS Y DESARROLLO DE SOFTWARE/PROYECTOS/NodeJs/NODE JS desde cero/Projet-Node)
2024-11-13 09:20:15.934 [pool-3-thread-1] INFO  com.rs.mv.mvvs.client.catalog.from.scan.CurrentPathScanner - [client:400205]scan file in current open file directory(D:/ANÁLISIS Y DESARROLLO DE SOFTWARE/PROYECTOS)
2024-11-13 09:20:47.572 [pool-3-thread-1] INFO  com.rs.mv.mvvs.client.catalog.from.scan.CurrentPathScanner - [client:400205]scan file in current open file directory(D:/ANÁLISIS Y DESARROLLO DE SOFTWARE/PROYECTOS/NodeJs/NODE JS desde cero/Projet-Node)
2024-11-13 09:20:54.748 [pool-3-thread-1] INFO  com.rs.mv.mvvs.client.catalog.from.scan.CurrentPathScanner - [client:400205]scan file in current open file directory(D:/ANÁLISIS Y DESARROLLO DE SOFTWARE/PROYECTOS)
2024-11-13 09:20:57.219 [pool-3-thread-1] INFO  com.rs.mv.mvvs.client.catalog.from.scan.CurrentPathScanner - [client:400205]scan file in current open file directory(D:/ANÁLISIS Y DESARROLLO DE SOFTWARE/PROYECTOS/NodeJs/NODE JS desde cero/Projet-Node)
2024-11-13 09:20:58.477 [pool-3-thread-1] INFO  com.rs.mv.mvvs.client.catalog.from.scan.CurrentPathScanner - [client:400205]scan file in current open file directory(D:/ANÁLISIS Y DESARROLLO DE SOFTWARE/PROYECTOS/NodeJs/NODE JS desde cero/Projet-Node/src)
2024-11-13 09:21:05.104 [pool-3-thread-1] INFO  com.rs.mv.mvvs.client.catalog.from.scan.CurrentPathScanner - [client:400205]scan file in current open file directory(D:/ANÁLISIS Y DESARROLLO DE SOFTWARE/PROYECTOS/NodeJs/NODE JS desde cero/Projet-Node)
2024-11-13 09:21:30.336 [pool-3-thread-1] INFO  com.rs.mv.mvvs.client.catalog.from.scan.CurrentPathScanner - [client:400205]scan file in current open file directory(D:/ANÁLISIS Y DESARROLLO DE SOFTWARE/PROYECTOS/NodeJs/NODE JS desde cero/Projet-Node/src)
2024-11-13 09:21:31.478 [pool-3-thread-1] INFO  com.rs.mv.mvvs.client.catalog.from.scan.CurrentPathScanner - [client:400205]scan file in current open file directory(D:/ANÁLISIS Y DESARROLLO DE SOFTWARE/PROYECTOS/NodeJs/NODE JS desde cero/Projet-Node)
2024-11-13 09:21:33.069 [pool-3-thread-1] INFO  com.rs.mv.mvvs.client.catalog.from.scan.CurrentPathScanner - [client:400205]scan file in current open file directory(D:/ANÁLISIS Y DESARROLLO DE SOFTWARE/PROYECTOS/NodeJs/NODE JS desde cero/Projet-Node/src)
2024-11-13 09:21:41.395 [pool-3-thread-1] INFO  com.rs.mv.mvvs.client.catalog.from.scan.CurrentPathScanner - [client:400205]scan file in current open file directory(D:/ANÁLISIS Y DESARROLLO DE SOFTWARE/PROYECTOS/NodeJs/NODE JS desde cero/Projet-Node)
2024-11-13 09:22:58.029 [pool-3-thread-1] INFO  com.rs.mv.mvvs.client.catalog.from.scan.CurrentPathScanner - [client:400205]scan file in current open file directory(D:/ANÁLISIS Y DESARROLLO DE SOFTWARE/PROYECTOS/NodeJs/NODE JS desde cero/Projet-Node/src)
2024-11-13 09:24:02.054 [pool-3-thread-1] INFO  com.rs.mv.mvvs.client.catalog.from.scan.CurrentPathScanner - [client:400205]scan file in current open file directory(D:/ANÁLISIS Y DESARROLLO DE SOFTWARE/PROYECTOS/NodeJs/NODE JS desde cero/Projet-Node)
2024-11-13 09:24:03.488 [pool-3-thread-1] INFO  com.rs.mv.mvvs.client.catalog.from.scan.CurrentPathScanner - [client:400205]scan file in current open file directory(D:/ANÁLISIS Y DESARROLLO DE SOFTWARE/PROYECTOS/NodeJs/NODE JS desde cero/Projet-Node/src)
2024-11-13 10:09:20.234 [pool-3-thread-1] INFO  com.rs.mv.mvvs.client.catalog.from.scan.CurrentPathScanner - [client:400205]scan file in current open file directory(D:/ANÁLISIS Y DESARROLLO DE SOFTWARE/PROYECTOS/Aeropuertos_estarter)
2024-11-13 10:09:24.889 [pool-3-thread-1] INFO  com.rs.mv.mvvs.client.catalog.from.scan.CurrentPathScanner - [client:400205]scan file in current open file directory(D:/ANÁLISIS Y DESARROLLO DE SOFTWARE/PROYECTOS/NodeJs/NODE JS desde cero/Projet-Node/src)
2024-11-13 10:09:27.312 [pool-3-thread-1] INFO  com.rs.mv.mvvs.client.catalog.from.scan.CurrentPathScanner - [client:400205]scan file in current open file directory(D:/ANÁLISIS Y DESARROLLO DE SOFTWARE/PROYECTOS/NodeJs/NODE JS desde cero/Projet-Node)
2024-11-13 10:09:31.437 [pool-3-thread-1] INFO  com.rs.mv.mvvs.client.catalog.from.scan.CurrentPathScanner - [client:400205]scan file in current open file directory(D:/ANÁLISIS Y DESARROLLO DE SOFTWARE/PROYECTOS/Aeropuertos_estarter)
2024-11-13 10:14:37.621 [pool-3-thread-1] INFO  com.rs.mv.mvvs.client.catalog.from.scan.CurrentPathScanner - [client:400205]scan file in current open file directory(D:/ANÁLISIS Y DESARROLLO DE SOFTWARE/PROYECTOS/Aeropuertos_estarter)
2024-11-13 10:15:14.966 [pool-3-thread-1] INFO  com.rs.mv.mvvs.client.catalog.from.scan.CurrentPathScanner - [client:400205]scan file in current open file directory(D:/ANÁLISIS Y DESARROLLO DE SOFTWARE/PROYECTOS/Aeropuertos_estarter)
2024-11-13 10:15:26.296 [pool-3-thread-1] INFO  com.rs.mv.mvvs.client.catalog.from.scan.CurrentPathScanner - [client:400205]scan file in current open file directory(D:/ANÁLISIS Y DESARROLLO DE SOFTWARE/PROYECTOS/Aeropuertos_estarter)
2024-11-13 10:15:29.231 [pool-3-thread-1] INFO  com.rs.mv.mvvs.client.catalog.from.scan.CurrentPathScanner - [client:400205]scan file in current open file directory(D:/ANÁLISIS Y DESARROLLO DE SOFTWARE/PROYECTOS/NodeJs/NODE JS desde cero/Projet-Node)
2024-11-13 10:15:31.776 [pool-3-thread-1] INFO  com.rs.mv.mvvs.client.catalog.from.scan.CurrentPathScanner - [client:400205]scan file in current open file directory(D:/ANÁLISIS Y DESARROLLO DE SOFTWARE/PROYECTOS/NodeJs/NODE JS desde cero/Projet-Node/src)
2024-11-13 10:20:06.394 [pool-3-thread-1] INFO  com.rs.mv.mvvs.client.catalog.from.scan.CurrentPathScanner - [client:400205]scan file in current open file directory(D:/ANÁLISIS Y DESARROLLO DE SOFTWARE/PROYECTOS/NodeJs/NODE JS desde cero/Projet-Node)
2024-11-13 10:20:07.846 [pool-3-thread-1] INFO  com.rs.mv.mvvs.client.catalog.from.scan.CurrentPathScanner - [client:400205]scan file in current open file directory(D:/ANÁLISIS Y DESARROLLO DE SOFTWARE/PROYECTOS/NodeJs/NODE JS desde cero/Projet-Node/src)
2024-11-13 10:22:00.782 [pool-3-thread-1] INFO  com.rs.mv.mvvs.client.catalog.from.scan.CurrentPathScanner - [client:400205]scan file in current open file directory(D:/ANÁLISIS Y DESARROLLO DE SOFTWARE/PROYECTOS/NodeJs/NODE JS desde cero/Projet-Node)
2024-11-13 10:22:02.752 [pool-3-thread-1] INFO  com.rs.mv.mvvs.client.catalog.from.scan.CurrentPathScanner - [client:400205]scan file in current open file directory(D:/ANÁLISIS Y DESARROLLO DE SOFTWARE/PROYECTOS/NodeJs/NODE JS desde cero/Projet-Node/src)
2024-11-13 10:22:43.178 [pool-3-thread-1] INFO  com.rs.mv.mvvs.client.catalog.from.scan.CurrentPathScanner - [client:400205]scan file in current open file directory(D:/ANÁLISIS Y DESARROLLO DE SOFTWARE/PROYECTOS/NodeJs/NODE JS desde cero/Projet-Node)
2024-11-13 10:22:50.402 [pool-3-thread-1] INFO  com.rs.mv.mvvs.client.catalog.from.scan.CurrentPathScanner - [client:400205]scan file in current open file directory(D:/ANÁLISIS Y DESARROLLO DE SOFTWARE/PROYECTOS/NodeJs/NODE JS desde cero/Projet-Node/src)
2024-11-13 10:22:54.387 [pool-3-thread-1] INFO  com.rs.mv.mvvs.client.catalog.from.scan.CurrentPathScanner - [client:400205]scan file in current open file directory(D:/ANÁLISIS Y DESARROLLO DE SOFTWARE/PROYECTOS/NodeJs/NODE JS desde cero/Projet-Node)
2024-11-13 10:22:58.322 [pool-3-thread-1] INFO  com.rs.mv.mvvs.client.catalog.from.scan.CurrentPathScanner - [client:400205]scan file in current open file directory(D:/ANÁLISIS Y DESARROLLO DE SOFTWARE/PROYECTOS/NodeJs/NODE JS desde cero/Projet-Node/src)
2024-11-13 10:23:03.602 [pool-3-thread-1] INFO  com.rs.mv.mvvs.client.catalog.from.scan.CurrentPathScanner - [client:400205]scan file in current open file directory(D:/ANÁLISIS Y DESARROLLO DE SOFTWARE/PROYECTOS/NodeJs/NODE JS desde cero/Projet-Node)
2024-11-13 10:23:05.495 [pool-3-thread-1] INFO  com.rs.mv.mvvs.client.catalog.from.scan.CurrentPathScanner - [client:400205]scan file in current open file directory(D:/ANÁLISIS Y DESARROLLO DE SOFTWARE/PROYECTOS/NodeJs/NODE JS desde cero/Projet-Node/src)
2024-11-13 10:25:46.445 [pool-3-thread-1] INFO  com.rs.mv.mvvs.client.catalog.from.scan.CurrentPathScanner - [client:400205]scan file in current open file directory(D:/ANÁLISIS Y DESARROLLO DE SOFTWARE/PROYECTOS/Aeropuertos_estarter)
2024-11-13 10:26:01.294 [pool-3-thread-1] INFO  com.rs.mv.mvvs.client.catalog.from.scan.CurrentPathScanner - [client:400205]scan file in current open file directory(D:/ANÁLISIS Y DESARROLLO DE SOFTWARE/PROYECTOS/NodeJs/NODE JS desde cero/Projet-Node/src)
2024-11-13 10:26:06.428 [pool-3-thread-1] INFO  com.rs.mv.mvvs.client.catalog.from.scan.CurrentPathScanner - [client:400205]scan file in current open file directory(D:/ANÁLISIS Y DESARROLLO DE SOFTWARE/PROYECTOS/Aeropuertos_estarter)
2024-11-13 10:26:09.412 [pool-3-thread-1] INFO  com.rs.mv.mvvs.client.catalog.from.scan.CurrentPathScanner - [client:400205]scan file in current open file directory(D:/ANÁLISIS Y DESARROLLO DE SOFTWARE/PROYECTOS/NodeJs/NODE JS desde cero/Projet-Node/src)
2024-11-13 10:26:24.412 [pool-3-thread-1] INFO  com.rs.mv.mvvs.client.catalog.from.scan.CurrentPathScanner - [client:400205]scan file in current open file directory(D:/ANÁLISIS Y DESARROLLO DE SOFTWARE/PROYECTOS/Aeropuertos_estarter)
2024-11-13 10:26:36.471 [pool-3-thread-1] INFO  com.rs.mv.mvvs.client.catalog.from.scan.CurrentPathScanner - [client:400205]scan file in current open file directory(D:/ANÁLISIS Y DESARROLLO DE SOFTWARE/PROYECTOS/NodeJs/NODE JS desde cero/Projet-Node/src)
2024-11-13 10:53:55.089 [pool-3-thread-1] INFO  com.rs.mv.mvvs.client.catalog.from.scan.CurrentPathScanner - [client:400205]scan file in current open file directory(D:/ANÁLISIS Y DESARROLLO DE SOFTWARE/PROYECTOS/NodeJs/NODE JS desde cero/Projet-Node/src)
2024-11-13 10:54:01.906 [pool-3-thread-1] INFO  com.rs.mv.mvvs.client.catalog.from.scan.CurrentPathScanner - [client:400205]scan file in current open file directory(D:/ANÁLISIS Y DESARROLLO DE SOFTWARE/PROYECTOS/NodeJs/NODE JS desde cero/Projet-Node)
2024-11-13 10:54:03.286 [pool-3-thread-1] INFO  com.rs.mv.mvvs.client.catalog.from.scan.CurrentPathScanner - [client:400205]scan file in current open file directory(D:/ANÁLISIS Y DESARROLLO DE SOFTWARE/PROYECTOS/NodeJs/NODE JS desde cero/Projet-Node/src)
2024-11-13 10:55:14.720 [pool-3-thread-1] INFO  com.rs.mv.mvvs.client.catalog.from.scan.CurrentPathScanner - [client:400205]scan file in current open file directory(D:/ANÁLISIS Y DESARROLLO DE SOFTWARE/PROYECTOS/NodeJs/NODE JS desde cero/Projet-Node)
2024-11-13 10:55:15.184 [pool-3-thread-1] INFO  com.rs.mv.mvvs.client.catalog.from.scan.CurrentPathScanner - [client:400205]scan file in current open file directory(D:/ANÁLISIS Y DESARROLLO DE SOFTWARE/PROYECTOS/NodeJs/NODE JS desde cero/Projet-Node)
2024-11-13 10:55:59.980 [pool-3-thread-1] INFO  com.rs.mv.mvvs.client.catalog.from.scan.CurrentPathScanner - [client:400205]scan file in current open file directory(D:/ANÁLISIS Y DESARROLLO DE SOFTWARE/PROYECTOS/NodeJs/NODE JS desde cero/projet-json-server)
2024-11-13 11:00:14.050 [pool-3-thread-1] INFO  com.rs.mv.mvvs.client.catalog.from.scan.CurrentPathScanner - [client:400205]scan file in current open file directory(D:/ANÁLISIS Y DESARROLLO DE SOFTWARE/PROYECTOS/Aeropuertos_estarter)
2024-11-13 11:00:43.494 [pool-3-thread-1] INFO  com.rs.mv.mvvs.client.catalog.from.scan.CurrentPathScanner - [client:400205]scan file in current open file directory(D:/ANÁLISIS Y DESARROLLO DE SOFTWARE/PROYECTOS/NodeJs/NODE JS desde cero/projet-json-server)
2024-11-13 11:01:57.670 [pool-3-thread-1] INFO  com.rs.mv.mvvs.client.catalog.from.scan.CurrentPathScanner - [client:400205]scan file in current open file directory(D:/ANÁLISIS Y DESARROLLO DE SOFTWARE/PROYECTOS/NodeJs/NODE JS desde cero/projet-json-server)
2024-11-13 11:02:04.797 [pool-3-thread-1] INFO  com.rs.mv.mvvs.client.catalog.from.scan.CurrentPathScanner - [client:400205]scan file in current open file directory(D:/ANÁLISIS Y DESARROLLO DE SOFTWARE/PROYECTOS/NodeJs/NODE JS desde cero/projet-json-server)
2024-11-13 11:03:45.923 [pool-3-thread-1] INFO  com.rs.mv.mvvs.client.catalog.from.scan.CurrentPathScanner - [client:400205]scan file in current open file directory(D:/ANÁLISIS Y DESARROLLO DE SOFTWARE/PROYECTOS/NodeJs/NODE JS desde cero/projet-json-server)
2024-11-13 11:12:23.541 [pool-3-thread-1] INFO  com.rs.mv.mvvs.client.catalog.from.scan.CurrentPathScanner - [client:400205]scan file in current open file directory(D:/ANÁLISIS Y DESARROLLO DE SOFTWARE/PROYECTOS/NodeJs/NODE JS desde cero/projet-json-server)
2024-11-13 11:19:10.485 [pool-3-thread-1] INFO  com.rs.mv.mvvs.client.catalog.from.scan.CurrentPathScanner - [client:400205]scan file in current open file directory(D:/ANÁLISIS Y DESARROLLO DE SOFTWARE/PROYECTOS/NodeJs/NODE JS desde cero/projet-json-server)
2024-11-13 11:25:57.230 [pool-3-thread-1] INFO  com.rs.mv.mvvs.client.catalog.from.scan.CurrentPathScanner - [client:400205]scan file in current open file directory(D:/ANÁLISIS Y DESARROLLO DE SOFTWARE/PROYECTOS/NodeJs/NODE JS desde cero/projet-json-server)
2024-11-13 11:43:21.048 [pool-3-thread-1] INFO  com.rs.mv.mvvs.client.catalog.from.scan.CurrentPathScanner - [client:400205]scan file in current open file directory(D:/ANÁLISIS Y DESARROLLO DE SOFTWARE/PROYECTOS/NodeJs/NODE JS desde cero/projet-json-server)
2024-11-13 11:43:28.235 [pool-3-thread-1] INFO  com.rs.mv.mvvs.client.catalog.from.scan.CurrentPathScanner - [client:400205]scan file in current open file directory(D:/ANÁLISIS Y DESARROLLO DE SOFTWARE/PROYECTOS/NodeJs/NODE JS desde cero/projet-json-server)
2024-11-13 11:47:55.027 [pool-3-thread-1] INFO  com.rs.mv.mvvs.client.catalog.from.scan.CurrentPathScanner - [client:400205]scan file in current open file directory(D:/ANÁLISIS Y DESARROLLO DE SOFTWARE/PROYECTOS/NodeJs/NODE JS desde cero/projet-json-server)
2024-11-13 11:48:40.584 [pool-3-thread-1] INFO  com.rs.mv.mvvs.client.catalog.from.scan.CurrentPathScanner - [client:400205]scan file in current open file directory(D:/ANÁLISIS Y DESARROLLO DE SOFTWARE/PROYECTOS/NodeJs/NODE JS desde cero/projet-web-server)
2024-11-13 11:49:07.837 [pool-3-thread-1] INFO  com.rs.mv.mvvs.client.catalog.from.scan.CurrentPathScanner - [client:400205]scan file in current open file directory(D:/ANÁLISIS Y DESARROLLO DE SOFTWARE/PROYECTOS/NodeJs/NODE JS desde cero/projet-web-server/src)
2024-11-13 11:49:25.054 [pool-3-thread-1] INFO  com.rs.mv.mvvs.client.catalog.from.scan.CurrentPathScanner - [client:400205]scan file in current open file directory(D:/ANÁLISIS Y DESARROLLO DE SOFTWARE/PROYECTOS/NodeJs/NODE JS desde cero/projet-web-server)
2024-11-13 11:51:20.577 [pool-3-thread-1] INFO  com.rs.mv.mvvs.client.catalog.from.scan.CurrentPathScanner - [client:400205]scan file in current open file directory(D:/ANÁLISIS Y DESARROLLO DE SOFTWARE/PROYECTOS/NodeJs/NODE JS desde cero/projet-web-server/src)
2024-11-13 11:56:59.548 [pool-3-thread-1] INFO  com.rs.mv.mvvs.client.catalog.from.scan.CurrentPathScanner - [client:400205]scan file in current open file directory(D:/ANÁLISIS Y DESARROLLO DE SOFTWARE/PROYECTOS/NodeJs/NODE JS desde cero/projet-web-server)
2024-11-13 11:57:18.628 [pool-3-thread-1] INFO  com.rs.mv.mvvs.client.catalog.from.scan.CurrentPathScanner - [client:400205]scan file in current open file directory(D:/ANÁLISIS Y DESARROLLO DE SOFTWARE/PROYECTOS/NodeJs/NODE JS desde cero/projet-web-server/src/server)
2024-11-13 11:58:51.502 [pool-3-thread-1] INFO  com.rs.mv.mvvs.client.catalog.from.scan.CurrentPathScanner - [client:400205]scan file in current open file directory(D:/ANÁLISIS Y DESARROLLO DE SOFTWARE/PROYECTOS/NodeJs/NODE JS desde cero/projet-web-server/src/config)
2024-11-13 11:59:04.436 [pool-3-thread-1] INFO  com.rs.mv.mvvs.client.catalog.from.scan.CurrentPathScanner - [client:400205]scan file in current open file directory(D:/ANÁLISIS Y DESARROLLO DE SOFTWARE/PROYECTOS/NodeJs/NODE JS desde cero/projet-web-server)
2024-11-13 11:59:26.925 [pool-3-thread-1] INFO  com.rs.mv.mvvs.client.catalog.from.scan.CurrentPathScanner - [client:400205]scan file in current open file directory(D:/ANÁLISIS Y DESARROLLO DE SOFTWARE/PROYECTOS/NodeJs/NODE JS desde cero/projet-web-server/src/config)
2024-11-13 11:59:29.296 [pool-3-thread-1] INFO  com.rs.mv.mvvs.client.catalog.from.scan.CurrentPathScanner - [client:400205]scan file in current open file directory(D:/ANÁLISIS Y DESARROLLO DE SOFTWARE/PROYECTOS/NodeJs/NODE JS desde cero/projet-web-server)
2024-11-13 12:04:24.610 [pool-3-thread-1] INFO  com.rs.mv.mvvs.client.catalog.from.scan.CurrentPathScanner - [client:400205]scan file in current open file directory(D:/ANÁLISIS Y DESARROLLO DE SOFTWARE/PROYECTOS/NodeJs/NODE JS desde cero/projet-web-server/src/config)
2024-11-13 12:14:07.724 [pool-3-thread-1] INFO  com.rs.mv.mvvs.client.catalog.from.scan.CurrentPathScanner - [client:400205]scan file in current open file directory(D:/ANÁLISIS Y DESARROLLO DE SOFTWARE/PROYECTOS/NodeJs/NODE JS desde cero/projet-web-server)
2024-11-13 12:14:10.928 [pool-3-thread-1] INFO  com.rs.mv.mvvs.client.catalog.from.scan.CurrentPathScanner - [client:400205]scan file in current open file directory(D:/ANÁLISIS Y DESARROLLO DE SOFTWARE/PROYECTOS/NodeJs/NODE JS desde cero/projet-web-server/src/config)
2024-11-13 12:18:27.743 [pool-3-thread-1] INFO  com.rs.mv.mvvs.client.catalog.from.scan.CurrentPathScanner - [client:400205]scan file in current open file directory(D:/ANÁLISIS Y DESARROLLO DE SOFTWARE/PROYECTOS/Aeropuertos_estarter/config)
2024-11-13 12:19:02.091 [pool-3-thread-1] INFO  com.rs.mv.mvvs.client.catalog.from.scan.CurrentPathScanner - [client:400205]scan file in current open file directory(D:/ANÁLISIS Y DESARROLLO DE SOFTWARE/PROYECTOS/NodeJs/NODE JS desde cero/projet-web-server/src/config)
2024-11-13 12:19:41.933 [pool-3-thread-1] INFO  com.rs.mv.mvvs.client.catalog.from.scan.CurrentPathScanner - [client:400205]scan file in current open file directory(D:/ANÁLISIS Y DESARROLLO DE SOFTWARE/PROYECTOS/NodeJs/NODE JS desde cero/projet-web-server/src)
2024-11-13 12:21:07.314 [pool-3-thread-1] INFO  com.rs.mv.mvvs.client.catalog.from.scan.CurrentPathScanner - [client:400205]scan file in current open file directory(D:/ANÁLISIS Y DESARROLLO DE SOFTWARE/PROYECTOS/NodeJs/NODE JS desde cero/projet-web-server/src/config)
2024-11-13 12:21:29.164 [pool-3-thread-1] INFO  com.rs.mv.mvvs.client.catalog.from.scan.CurrentPathScanner - [client:400205]scan file in current open file directory(D:/ANÁLISIS Y DESARROLLO DE SOFTWARE/PROYECTOS/Aeropuertos_estarter/config)
2024-11-13 12:21:32.233 [pool-3-thread-1] INFO  com.rs.mv.mvvs.client.catalog.from.scan.CurrentPathScanner - [client:400205]scan file in current open file directory(D:/ANÁLISIS Y DESARROLLO DE SOFTWARE/PROYECTOS/NodeJs/NODE JS desde cero/projet-web-server/src/config)
2024-11-13 12:21:34.113 [pool-3-thread-1] INFO  com.rs.mv.mvvs.client.catalog.from.scan.CurrentPathScanner - [client:400205]scan file in current open file directory(D:/ANÁLISIS Y DESARROLLO DE SOFTWARE/PROYECTOS/NodeJs/NODE JS desde cero/projet-web-server/src/server)
2024-11-13 12:21:35.186 [pool-3-thread-1] INFO  com.rs.mv.mvvs.client.catalog.from.scan.CurrentPathScanner - [client:400205]scan file in current open file directory(D:/ANÁLISIS Y DESARROLLO DE SOFTWARE/PROYECTOS/NodeJs/NODE JS desde cero/projet-web-server)
2024-11-13 12:21:38.623 [pool-3-thread-1] INFO  com.rs.mv.mvvs.client.catalog.from.scan.CurrentPathScanner - [client:400205]scan file in current open file directory(D:/ANÁLISIS Y DESARROLLO DE SOFTWARE/PROYECTOS/NodeJs/NODE JS desde cero/projet-web-server/src)
2024-11-13 12:22:23.567 [pool-3-thread-1] INFO  com.rs.mv.mvvs.client.catalog.from.scan.CurrentPathScanner - [client:400205]scan file in current open file directory(D:/ANÁLISIS Y DESARROLLO DE SOFTWARE/PROYECTOS/NodeJs/NODE JS desde cero/projet-web-server)
2024-11-13 12:22:27.665 [pool-3-thread-1] INFO  com.rs.mv.mvvs.client.catalog.from.scan.CurrentPathScanner - [client:400205]scan file in current open file directory(D:/ANÁLISIS Y DESARROLLO DE SOFTWARE/PROYECTOS/NodeJs/NODE JS desde cero/projet-web-server)
2024-11-13 12:22:40.005 [pool-3-thread-1] INFO  com.rs.mv.mvvs.client.catalog.from.scan.CurrentPathScanner - [client:400205]scan file in current open file directory(D:/ANÁLISIS Y DESARROLLO DE SOFTWARE/PROYECTOS/NodeJs/NODE JS desde cero/projet-web-server/src/config)
2024-11-13 12:23:38.068 [pool-3-thread-1] INFO  com.rs.mv.mvvs.client.catalog.from.scan.CurrentPathScanner - [client:400205]scan file in current open file directory(D:/ANÁLISIS Y DESARROLLO DE SOFTWARE/PROYECTOS/NodeJs/NODE JS desde cero/projet-web-server)
2024-11-13 12:23:43.883 [pool-3-thread-1] INFO  com.rs.mv.mvvs.client.catalog.from.scan.CurrentPathScanner - [client:400205]scan file in current open file directory(D:/ANÁLISIS Y DESARROLLO DE SOFTWARE/PROYECTOS/NodeJs/NODE JS desde cero/projet-web-server/src/config)
2024-11-13 12:24:55.277 [pool-3-thread-1] INFO  com.rs.mv.mvvs.client.catalog.from.scan.CurrentPathScanner - [client:400205]scan file in current open file directory(D:/ANÁLISIS Y DESARROLLO DE SOFTWARE/PROYECTOS/NodeJs/NODE JS desde cero/projet-web-server/src)
2024-11-13 12:25:19.573 [pool-3-thread-1] INFO  com.rs.mv.mvvs.client.catalog.from.scan.CurrentPathScanner - [client:400205]scan file in current open file directory(D:/ANÁLISIS Y DESARROLLO DE SOFTWARE/PROYECTOS/NodeJs/NODE JS desde cero/projet-web-server/src/server)
2024-11-13 12:29:15.511 [pool-3-thread-1] INFO  com.rs.mv.mvvs.client.catalog.from.scan.CurrentPathScanner - [client:400205]scan file in current open file directory(D:/ANÁLISIS Y DESARROLLO DE SOFTWARE/PROYECTOS/NodeJs/NODE JS desde cero/projet-web-server/src/config)
2024-11-13 12:29:19.569 [pool-3-thread-1] INFO  com.rs.mv.mvvs.client.catalog.from.scan.CurrentPathScanner - [client:400205]scan file in current open file directory(D:/ANÁLISIS Y DESARROLLO DE SOFTWARE/PROYECTOS/NodeJs/NODE JS desde cero/projet-web-server/src)
2024-11-13 12:32:11.743 [pool-3-thread-1] INFO  com.rs.mv.mvvs.client.catalog.from.scan.CurrentPathScanner - [client:400205]scan file in current open file directory(D:/ANÁLISIS Y DESARROLLO DE SOFTWARE/PROYECTOS/NodeJs/NODE JS desde cero/projet-web-server/src/config)
2024-11-13 12:32:17.511 [pool-3-thread-1] INFO  com.rs.mv.mvvs.client.catalog.from.scan.CurrentPathScanner - [client:400205]scan file in current open file directory(D:/ANÁLISIS Y DESARROLLO DE SOFTWARE/PROYECTOS/NodeJs/NODE JS desde cero/projet-web-server/src/server)
2024-11-13 12:32:23.110 [pool-3-thread-1] INFO  com.rs.mv.mvvs.client.catalog.from.scan.CurrentPathScanner - [client:400205]scan file in current open file directory(D:/ANÁLISIS Y DESARROLLO DE SOFTWARE/PROYECTOS/NodeJs/NODE JS desde cero/projet-web-server/src)
2024-11-13 12:32:27.972 [pool-3-thread-1] INFO  com.rs.mv.mvvs.client.catalog.from.scan.CurrentPathScanner - [client:400205]scan file in current open file directory(D:/ANÁLISIS Y DESARROLLO DE SOFTWARE/PROYECTOS/NodeJs/NODE JS desde cero/projet-web-server/src/server)
2024-11-13 13:54:50.306 [pool-3-thread-1] INFO  com.rs.mv.mvvs.client.catalog.from.scan.CurrentPathScanner - [client:400205]scan file in current open file directory(D:/ANÁLISIS Y DESARROLLO DE SOFTWARE/PROYECTOS/NodeJs/NODE JS desde cero/projet-web-server/src/config)
2024-11-13 13:54:53.208 [pool-3-thread-1] INFO  com.rs.mv.mvvs.client.catalog.from.scan.CurrentPathScanner - [client:400205]scan file in current open file directory(D:/ANÁLISIS Y DESARROLLO DE SOFTWARE/PROYECTOS/NodeJs/NODE JS desde cero/projet-web-server/src/server)
2024-11-13 14:02:31.868 [pool-3-thread-1] INFO  com.rs.mv.mvvs.client.catalog.from.scan.CurrentPathScanner - [client:400205]scan file in current open file directory(D:/ANÁLISIS Y DESARROLLO DE SOFTWARE/PROYECTOS/NodeJs/NODE JS desde cero/projet-web-server/src/config)
2024-11-13 14:03:23.321 [pool-3-thread-1] INFO  com.rs.mv.mvvs.client.catalog.from.scan.CurrentPathScanner - [client:400205]scan file in current open file directory(D:/ANÁLISIS Y DESARROLLO DE SOFTWARE/PROYECTOS/NodeJs/NODE JS desde cero/projet-web-server)
2024-11-13 14:03:30.055 [pool-3-thread-1] INFO  com.rs.mv.mvvs.client.catalog.from.scan.CurrentPathScanner - [client:400205]scan file in current open file directory(D:/ANÁLISIS Y DESARROLLO DE SOFTWARE/PROYECTOS/NodeJs/NODE JS desde cero/projet-web-server/src/config)
2024-11-13 14:04:55.604 [pool-3-thread-1] INFO  com.rs.mv.mvvs.client.catalog.from.scan.CurrentPathScanner - [client:400205]scan file in current open file directory(D:/ANÁLISIS Y DESARROLLO DE SOFTWARE/PROYECTOS/NodeJs/NODE JS desde cero/projet-web-server/src)
2024-11-13 14:05:18.122 [pool-3-thread-1] INFO  com.rs.mv.mvvs.client.catalog.from.scan.CurrentPathScanner - [client:400205]scan file in current open file directory(D:/ANÁLISIS Y DESARROLLO DE SOFTWARE/PROYECTOS/NodeJs/NODE JS desde cero/projet-web-server/src/server)
2024-11-13 14:05:40.447 [pool-3-thread-1] INFO  com.rs.mv.mvvs.client.catalog.from.scan.CurrentPathScanner - [client:400205]scan file in current open file directory(D:/ANÁLISIS Y DESARROLLO DE SOFTWARE/PROYECTOS/NodeJs/NODE JS desde cero/projet-web-server/src)
2024-11-13 14:06:06.735 [pool-3-thread-1] INFO  com.rs.mv.mvvs.client.catalog.from.scan.CurrentPathScanner - [client:400205]scan file in current open file directory(D:/ANÁLISIS Y DESARROLLO DE SOFTWARE/PROYECTOS/NodeJs/NODE JS desde cero/projet-web-server/src/server)
2024-11-13 14:16:46.091 [pool-3-thread-1] INFO  com.rs.mv.mvvs.client.catalog.from.scan.CurrentPathScanner - [client:400205]scan file in current open file directory(D:/ANÁLISIS Y DESARROLLO DE SOFTWARE/PROYECTOS/NodeJs/NODE JS desde cero/projet-web-server)
2024-11-13 14:16:52.755 [pool-3-thread-1] INFO  com.rs.mv.mvvs.client.catalog.from.scan.CurrentPathScanner - [client:400205]scan file in current open file directory(D:/ANÁLISIS Y DESARROLLO DE SOFTWARE/PROYECTOS/NodeJs/NODE JS desde cero/projet-web-server/src/server)
2024-11-13 14:16:55.519 [pool-3-thread-1] INFO  com.rs.mv.mvvs.client.catalog.from.scan.CurrentPathScanner - [client:400205]scan file in current open file directory(D:/ANÁLISIS Y DESARROLLO DE SOFTWARE/PROYECTOS/NodeJs/NODE JS desde cero/projet-web-server)
2024-11-13 14:16:56.969 [pool-3-thread-1] INFO  com.rs.mv.mvvs.client.catalog.from.scan.CurrentPathScanner - [client:400205]scan file in current open file directory(D:/ANÁLISIS Y DESARROLLO DE SOFTWARE/PROYECTOS/NodeJs/NODE JS desde cero/projet-web-server/src/server)
2024-11-13 14:17:22.779 [pool-3-thread-1] INFO  com.rs.mv.mvvs.client.catalog.from.scan.CurrentPathScanner - [client:400205]scan file in current open file directory(D:/ANÁLISIS Y DESARROLLO DE SOFTWARE/PROYECTOS/NodeJs/NODE JS desde cero/projet-web-server)
2024-11-13 14:17:23.976 [pool-3-thread-1] INFO  com.rs.mv.mvvs.client.catalog.from.scan.CurrentPathScanner - [client:400205]scan file in current open file directory(D:/ANÁLISIS Y DESARROLLO DE SOFTWARE/PROYECTOS/NodeJs/NODE JS desde cero/projet-web-server/src)
2024-11-13 14:17:25.738 [pool-3-thread-1] INFO  com.rs.mv.mvvs.client.catalog.from.scan.CurrentPathScanner - [client:400205]scan file in current open file directory(D:/ANÁLISIS Y DESARROLLO DE SOFTWARE/PROYECTOS/NodeJs/NODE JS desde cero/projet-web-server/src/server)
2024-11-13 15:01:08.448 [pool-3-thread-1] INFO  com.rs.mv.mvvs.client.catalog.from.scan.CurrentPathScanner - [client:400205]scan file in current open file directory(D:/ANÁLISIS Y DESARROLLO DE SOFTWARE/PROYECTOS/NodeJs/NODE JS desde cero/projet-web-server/src)
2024-11-13 15:01:14.788 [pool-3-thread-1] INFO  com.rs.mv.mvvs.client.catalog.from.scan.CurrentPathScanner - [client:400205]scan file in current open file directory(D:/ANÁLISIS Y DESARROLLO DE SOFTWARE/PROYECTOS/NodeJs/NODE JS desde cero/projet-web-server)
2024-11-13 15:01:16.618 [pool-3-thread-1] INFO  com.rs.mv.mvvs.client.catalog.from.scan.CurrentPathScanner - [client:400205]scan file in current open file directory(D:/ANÁLISIS Y DESARROLLO DE SOFTWARE/PROYECTOS/NodeJs/NODE JS desde cero/projet-web-server)
2024-11-13 15:01:20.507 [pool-3-thread-1] INFO  com.rs.mv.mvvs.client.catalog.from.scan.CurrentPathScanner - [client:400205]scan file in current open file directory(D:/ANÁLISIS Y DESARROLLO DE SOFTWARE/PROYECTOS/NodeJs/NODE JS desde cero/projet-web-server/src/server)
2024-11-13 15:03:14.489 [pool-3-thread-1] INFO  com.rs.mv.mvvs.client.catalog.from.scan.CurrentPathScanner - [client:400205]scan file in current open file directory(D:/ANÁLISIS Y DESARROLLO DE SOFTWARE/PROYECTOS/NodeJs/NODE JS desde cero/projet-web-server/src)
2024-11-13 15:03:20.223 [pool-3-thread-1] INFO  com.rs.mv.mvvs.client.catalog.from.scan.CurrentPathScanner - [client:400205]scan file in current open file directory(D:/ANÁLISIS Y DESARROLLO DE SOFTWARE/PROYECTOS/NodeJs/NODE JS desde cero/projet-web-server)
2024-11-13 15:03:22.016 [pool-3-thread-1] INFO  com.rs.mv.mvvs.client.catalog.from.scan.CurrentPathScanner - [client:400205]scan file in current open file directory(D:/ANÁLISIS Y DESARROLLO DE SOFTWARE/PROYECTOS/NodeJs/NODE JS desde cero/projet-web-server/src/server)
2024-11-13 15:03:24.070 [pool-3-thread-1] INFO  com.rs.mv.mvvs.client.catalog.from.scan.CurrentPathScanner - [client:400205]scan file in current open file directory(D:/ANÁLISIS Y DESARROLLO DE SOFTWARE/PROYECTOS/NodeJs/NODE JS desde cero/projet-web-server/src/config)
